# JRE version: OpenJDK Runtime Environment (8.0_152-b01) (build 1.8.0_152-release-915-b01)
# Java VM: OpenJDK 64-Bit Server VM (25.152-b01 mixed mode linux-amd64 compressed oops)
Heap:
 PSYoungGen      total 432640K, used 0K [0x00000000e0000000, 0x0000000100000000, 0x0000000100000000)
  eden space 344576K, 0% used [0x00000000e0000000,0x00000000e0000000,0x00000000f5080000)
  from space 88064K, 0% used [0x00000000f5080000,0x00000000f5080000,0x00000000fa680000)
  to   space 89088K, 0% used [0x00000000fa900000,0x00000000fa900000,0x0000000100000000)
 ParOldGen       total 170496K, used 127054K [0x00000000a0000000, 0x00000000aa680000, 0x00000000e0000000)
  object space 170496K, 74% used [0x00000000a0000000,0x00000000a7c13a00,0x00000000aa680000)
 Metaspace       used 108652K, capacity 118608K, committed 122004K, reserved 1155072K
  class space    used 13492K, capacity 15778K, committed 16572K, reserved 1048576K
GC Heap History (10 events):
Event: 11569.506 GC heap after
Heap after GC invocations=51 (full 4):
 PSYoungGen      total 374272K, used 32992K [0x00000000e0000000, 0x00000000ff900000, 0x0000000100000000)
  eden space 340992K, 0% used [0x00000000e0000000,0x00000000e0000000,0x00000000f4d00000)
  from space 33280K, 99% used [0x00000000f4d00000,0x00000000f6d38120,0x00000000f6d80000)
  to   space 88064K, 0% used [0x00000000fa300000,0x00000000fa300000,0x00000000ff900000)
 ParOldGen       total 170496K, used 129705K [0x00000000a0000000, 0x00000000aa680000, 0x00000000e0000000)
  object space 170496K, 76% used [0x00000000a0000000,0x00000000a7eaa410,0x00000000aa680000)
 Metaspace       used 107985K, capacity 119424K, committed 119572K, reserved 1153024K
  class space    used 13503K, capacity 16105K, committed 16188K, reserved 1048576K
}
Event: 11574.413 GC heap before
{Heap before GC invocations=52 (full 4):
 PSYoungGen      total 374272K, used 373984K [0x00000000e0000000, 0x00000000ff900000, 0x0000000100000000)
  eden space 340992K, 100% used [0x00000000e0000000,0x00000000f4d00000,0x00000000f4d00000)
  from space 33280K, 99% used [0x00000000f4d00000,0x00000000f6d38120,0x00000000f6d80000)
  to   space 88064K, 0% used [0x00000000fa300000,0x00000000fa300000,0x00000000ff900000)
 ParOldGen       total 170496K, used 129705K [0x00000000a0000000, 0x00000000aa680000, 0x00000000e0000000)
  object space 170496K, 76% used [0x00000000a0000000,0x00000000a7eaa410,0x00000000aa680000)
 Metaspace       used 108904K, capacity 120372K, committed 120468K, reserved 1153024K
  class space    used 13603K, capacity 16243K, committed 16316K, reserved 1048576K
Event: 11574.486 GC heap after
Heap after GC invocations=52 (full 4):
 PSYoungGen      total 427008K, used 60491K [0x00000000e0000000, 0x0000000100000000, 0x0000000100000000)
  eden space 338944K, 0% used [0x00000000e0000000,0x00000000e0000000,0x00000000f4b00000)
  from space 88064K, 68% used [0x00000000fa300000,0x00000000fde12c38,0x00000000ff900000)
  to   space 90112K, 0% used [0x00000000f4b00000,0x00000000f4b00000,0x00000000fa300000)
 ParOldGen       total 170496K, used 136857K [0x00000000a0000000, 0x00000000aa680000, 0x00000000e0000000)
  object space 170496K, 80% used [0x00000000a0000000,0x00000000a85a6410,0x00000000aa680000)
 Metaspace       used 108904K, capacity 120372K, committed 120468K, reserved 1153024K
  class space    used 13603K, capacity 16243K, committed 16316K, reserved 1048576K
}
Event: 11576.801 GC heap before
{Heap before GC invocations=53 (full 4):
 PSYoungGen      total 427008K, used 399435K [0x00000000e0000000, 0x0000000100000000, 0x0000000100000000)
  eden space 338944K, 100% used [0x00000000e0000000,0x00000000f4b00000,0x00000000f4b00000)
  from space 88064K, 68% used [0x00000000fa300000,0x00000000fde12c38,0x00000000ff900000)
  to   space 90112K, 0% used [0x00000000f4b00000,0x00000000f4b00000,0x00000000fa300000)
 ParOldGen       total 170496K, used 136857K [0x00000000a0000000, 0x00000000aa680000, 0x00000000e0000000)
  object space 170496K, 80% used [0x00000000a0000000,0x00000000a85a6410,0x00000000aa680000)
 Metaspace       used 109141K, capacity 120670K, committed 120724K, reserved 1153024K
  class space    used 13637K, capacity 16306K, committed 16316K, reserved 1048576K
Event: 11576.841 GC heap after
Heap after GC invocations=53 (full 4):
 PSYoungGen      total 429056K, used 22512K [0x00000000e0000000, 0x0000000100000000, 0x0000000100000000)
  eden space 338944K, 0% used [0x00000000e0000000,0x00000000e0000000,0x00000000f4b00000)
  from space 90112K, 24% used [0x00000000f4b00000,0x00000000f60fc0a8,0x00000000fa300000)
  to   space 89600K, 0% used [0x00000000fa880000,0x00000000fa880000,0x0000000100000000)
 ParOldGen       total 170496K, used 143425K [0x00000000a0000000, 0x00000000aa680000, 0x00000000e0000000)
  object space 170496K, 84% used [0x00000000a0000000,0x00000000a8c10420,0x00000000aa680000)
 Metaspace       used 109141K, capacity 120670K, committed 120724K, reserved 1153024K
  class space    used 13637K, capacity 16306K, committed 16316K, reserved 1048576K
}
Event: 11580.181 GC heap before
{Heap before GC invocations=54 (full 4):
 PSYoungGen      total 429056K, used 360791K [0x00000000e0000000, 0x0000000100000000, 0x0000000100000000)
  eden space 338944K, 99% used [0x00000000e0000000,0x00000000f4a59d08,0x00000000f4b00000)
  from space 90112K, 24% used [0x00000000f4b00000,0x00000000f60fc0a8,0x00000000fa300000)
  to   space 89600K, 0% used [0x00000000fa880000,0x00000000fa880000,0x0000000100000000)
 ParOldGen       total 170496K, used 143425K [0x00000000a0000000, 0x00000000aa680000, 0x00000000e0000000)
  object space 170496K, 84% used [0x00000000a0000000,0x00000000a8c10420,0x00000000aa680000)
 Metaspace       used 110034K, capacity 121818K, committed 122004K, reserved 1155072K
  class space    used 13787K, capacity 16454K, committed 16572K, reserved 1048576K
Event: 11580.212 GC heap after
Heap after GC invocations=54 (full 4):
 PSYoungGen      total 430592K, used 21605K [0x00000000e0000000, 0x00000000ffc80000, 0x0000000100000000)
  eden space 344576K, 0% used [0x00000000e0000000,0x00000000e0000000,0x00000000f5080000)
  from space 86016K, 25% used [0x00000000fa880000,0x00000000fbd99788,0x00000000ffc80000)
  to   space 88064K, 0% used [0x00000000f5080000,0x00000000f5080000,0x00000000fa680000)
 ParOldGen       total 170496K, used 149097K [0x00000000a0000000, 0x00000000aa680000, 0x00000000e0000000)
  object space 170496K, 87% used [0x00000000a0000000,0x00000000a919a420,0x00000000aa680000)
 Metaspace       used 110034K, capacity 121818K, committed 122004K, reserved 1155072K
  class space    used 13787K, capacity 16454K, committed 16572K, reserved 1048576K
}
Event: 11580.310 GC heap before
{Heap before GC invocations=55 (full 4):
 PSYoungGen      total 430592K, used 366072K [0x00000000e0000000, 0x00000000ffc80000, 0x0000000100000000)
  eden space 344576K, 99% used [0x00000000e0000000,0x00000000f50648e0,0x00000000f5080000)
  from space 86016K, 25% used [0x00000000fa880000,0x00000000fbd99788,0x00000000ffc80000)
  to   space 88064K, 0% used [0x00000000f5080000,0x00000000f5080000,0x00000000fa680000)
 ParOldGen       total 170496K, used 149097K [0x00000000a0000000, 0x00000000aa680000, 0x00000000e0000000)
  object space 170496K, 87% used [0x00000000a0000000,0x00000000a919a420,0x00000000aa680000)
 Metaspace       used 110044K, capacity 121818K, committed 122004K, reserved 1155072K
  class space    used 13787K, capacity 16454K, committed 16572K, reserved 1048576K
Event: 11580.343 GC heap after
Heap after GC invocations=55 (full 4):
 PSYoungGen      total 432640K, used 6421K [0x00000000e0000000, 0x0000000100000000, 0x0000000100000000)
  eden space 344576K, 0% used [0x00000000e0000000,0x00000000e0000000,0x00000000f5080000)
  from space 88064K, 7% used [0x00000000f5080000,0x00000000f56c5410,0x00000000fa680000)
  to   space 89088K, 0% used [0x00000000fa900000,0x00000000fa900000,0x0000000100000000)
 ParOldGen       total 170496K, used 158353K [0x00000000a0000000, 0x00000000aa680000, 0x00000000e0000000)
  object space 170496K, 92% used [0x00000000a0000000,0x00000000a9aa4450,0x00000000aa680000)
 Metaspace       used 110044K, capacity 121818K, committed 122004K, reserved 1155072K
  class space    used 13787K, capacity 16454K, committed 16572K, reserved 1048576K
}
Event: 11580.406 GC heap before
{Heap before GC invocations=56 (full 5):
 PSYoungGen      total 432640K, used 6421K [0x00000000e0000000, 0x0000000100000000, 0x0000000100000000)
  eden space 344576K, 0% used [0x00000000e0000000,0x00000000e0000000,0x00000000f5080000)
  from space 88064K, 7% used [0x00000000f5080000,0x00000000f56c5410,0x00000000fa680000)
  to   space 89088K, 0% used [0x00000000fa900000,0x00000000fa900000,0x0000000100000000)
 ParOldGen       total 170496K, used 158353K [0x00000000a0000000, 0x00000000aa680000, 0x00000000e0000000)
  object space 170496K, 92% used [0x00000000a0000000,0x00000000a9aa4450,0x00000000aa680000)
 Metaspace       used 110044K, capacity 121818K, committed 122004K, reserved 1155072K
  class space    used 13787K, capacity 16454K, committed 16572K, reserved 1048576K

